23:04:02 | DB_CALL  |   1445ms | rows=1
23:04:10 | REQUEST  |     16ms | GET / -> 200
23:04:10 | REQUEST  |      1ms | GET /favicon.ico -> 404
23:04:11 | AUTH     |      0ms | sign_in_with_oauth
23:04:11 | REQUEST  |      2ms | GET /auth/github -> 307
23:04:14 | AUTH     |    356ms | exchange_code_for_session
23:04:14 | DB_CALL  |    381ms | rows=1
23:04:14 | REQUEST  |    743ms | GET /auth/callback -> 307
23:04:14 | DB_CALL  |    262ms | rows=1
23:04:15 | DB_CALL  |    555ms | rows=1
23:04:15 | DB_CALL  |    555ms | rows=0
23:04:15 | REQUEST  |    567ms | GET /admin/dashboard -> 200
23:04:25 | DB_CALL  |    329ms | rows=1
23:04:25 | REQUEST  |    341ms | GET /admin/users -> 200
23:04:41 | DB_CALL  |    718ms | rows=1
23:04:42 | REQUEST  |    734ms | GET /admin/events -> 200
23:05:09 | DB_CALL  |    429ms | rows=0
23:05:09 | DB_CALL  |    232ms | rows=1
23:05:09 | REQUEST  |    664ms | POST /admin/events/c2df74ea-3e3c-40e0-b418-c6b5cd3d05cc/edit -> 303
23:05:10 | DB_CALL  |    221ms | rows=1
23:05:10 | REQUEST  |    222ms | GET /admin/events -> 200
23:05:15 | REQUEST  |      6ms | GET /admin/verify -> 200
23:05:17 | DB_CALL  |    389ms | rows=0
23:05:17 | DB_CALL  |    437ms | rows=1
23:05:17 | REQUEST  |    438ms | GET /admin/dashboard -> 200
23:05:22 | REQUEST  |      1ms | GET / -> 200
23:05:23 | REQUEST  |      0ms | GET /favicon.ico -> 404
23:05:24 | AUTH     |      0ms | sign_in_with_oauth
23:05:24 | REQUEST  |      1ms | GET /auth/github -> 307
23:05:27 | AUTH     |    418ms | exchange_code_for_session
23:05:27 | DB_CALL  |    373ms | rows=0
23:05:27 | DB_CALL  |    244ms | rows=1
23:05:27 | REQUEST  |   1040ms | GET /auth/callback -> 307
23:05:27 | DB_CALL  |    291ms | rows=1
23:05:27 | REQUEST  |    316ms | GET /user/complete-profile -> 200
23:05:40 | DB_CALL  |    435ms | rows=1
23:05:40 | REQUEST  |    442ms | POST /user/complete-profile -> 302
23:05:41 | DB_CALL  |    218ms | rows=1
23:05:41 | DB_CALL  |    250ms | rows=1
23:05:41 | DB_CALL  |    359ms | rows=0
23:05:41 | DB_CALL  |    364ms | rows=0
23:05:41 | REQUEST  |    593ms | GET /user/events -> 200
23:06:08 | DB_CALL  |    455ms | rows=1
23:06:08 | REQUEST  |    747ms | POST /user/events/c2df74ea-3e3c-40e0-b418-c6b5cd3d05cc/register -> 302
23:06:08 | DB_CALL  |    229ms | rows=1
23:06:08 | DB_CALL  |    300ms | rows=1
23:06:08 | DB_CALL  |    304ms | rows=1
23:06:08 | DB_CALL  |    305ms | rows=1
23:06:09 | DB_CALL  |    308ms | rows=1
23:06:09 | REQUEST  |    838ms | GET /user/events -> 200
23:06:17 | REQUEST  |      7ms | GET /auth/logout -> 307
23:06:17 | REQUEST  |      1ms | GET / -> 200
23:06:18 | AUTH     |      0ms | sign_in_with_oauth
23:06:18 | REQUEST  |      1ms | GET /auth/github -> 307
23:06:20 | AUTH     |    391ms | exchange_code_for_session
23:06:21 | DB_CALL  |    403ms | rows=1
23:06:21 | REQUEST  |    797ms | GET /auth/callback -> 307
23:06:21 | DB_CALL  |    211ms | rows=1
23:06:21 | DB_CALL  |    208ms | rows=1
23:06:21 | DB_CALL  |    210ms | rows=1
23:06:21 | DB_CALL  |    214ms | rows=1
23:06:21 | DB_CALL  |    216ms | rows=1
23:06:22 | DB_CALL  |    248ms | rows=1
23:06:22 | REQUEST  |    671ms | GET /user/events -> 200
23:06:26 | REQUEST  |      1ms | GET /auth/logout -> 307
23:06:26 | REQUEST  |      0ms | GET / -> 200
23:08:25 | REQUEST  |      2ms | GET /auth/logout -> 307
23:08:26 | REQUEST  |     10ms | GET / -> 200
23:08:35 | REQUEST  |      6ms | GET / -> 200
23:08:36 | REQUEST  |      1ms | GET / -> 200
23:08:36 | REQUEST  |      1ms | GET / -> 200
23:09:15 | REQUEST  |      1ms | GET / -> 200
23:09:39 | REQUEST  |     10ms | GET / -> 200
23:10:09 | AUTH     |     21ms | sign_in_with_oauth
23:10:09 | REQUEST  |     25ms | GET /auth/github -> 307
23:10:12 | AUTH     |    467ms | exchange_code_for_session
23:10:13 | DB_CALL  |    432ms | rows=1
23:10:13 | REQUEST  |    910ms | GET /auth/callback -> 307
23:10:13 | DB_CALL  |    222ms | rows=0
23:10:13 | DB_CALL  |    224ms | rows=2
23:10:13 | REQUEST  |    229ms | GET /admin/dashboard -> 200
23:10:13 | DB_CALL  |    240ms | rows=1
23:10:29 | REQUEST  |      1ms | GET / -> 200
23:10:30 | AUTH     |      0ms | sign_in_with_oauth
23:10:30 | REQUEST  |      1ms | GET /auth/github -> 307
23:10:33 | AUTH     |    377ms | exchange_code_for_session
23:10:33 | DB_CALL  |    376ms | rows=1
23:10:33 | REQUEST  |    756ms | GET /auth/callback -> 307
23:10:34 | DB_CALL  |    203ms | rows=1
23:10:34 | DB_CALL  |    199ms | rows=1
23:10:34 | DB_CALL  |    193ms | rows=1
23:10:34 | DB_CALL  |    196ms | rows=1
23:10:34 | DB_CALL  |    199ms | rows=1
23:10:34 | DB_CALL  |    203ms | rows=1
23:10:34 | REQUEST  |    601ms | GET /user/events -> 200
23:10:40 | REQUEST  |      0ms | GET /auth/logout -> 307
23:10:40 | REQUEST  |      0ms | GET / -> 200
23:10:44 | DB_CALL  |    599ms | rows=2
23:10:44 | REQUEST  |    603ms | GET /admin/users -> 200
23:10:51 | REQUEST  |    596ms | POST /admin/users/920e5f6c-2ab0-4907-b203-2346a25d2dda/delete -> 500
23:12:32 | DB_CALL  |    742ms | rows=1
23:12:35 | DB_CALL  |    357ms | rows=2
23:12:35 | REQUEST  |    379ms | GET /admin/users -> 200
23:12:38 | DB_CALL  |    301ms | rows=1
23:12:38 | DB_CALL  |    313ms | rows=1
23:12:38 | REQUEST  |    867ms | POST /admin/users/920e5f6c-2ab0-4907-b203-2346a25d2dda/delete -> 303
23:12:39 | DB_CALL  |    198ms | rows=1
23:12:39 | REQUEST  |    199ms | GET /admin/users -> 200
23:12:54 | DB_CALL  |    589ms | rows=1
23:12:54 | REQUEST  |    590ms | GET /admin/users -> 200
23:12:56 | DB_CALL  |    301ms | rows=1
23:12:56 | REQUEST  |    315ms | GET /admin/events -> 200
23:13:00 | DB_CALL  |    280ms | rows=1
23:13:00 | REQUEST  |    284ms | POST /admin/events/c2df74ea-3e3c-40e0-b418-c6b5cd3d05cc/edit -> 303
23:13:00 | DB_CALL  |    206ms | rows=1
23:13:00 | REQUEST  |    207ms | GET /admin/events -> 200
23:14:39 | DB_CALL  |    921ms | rows=0
23:14:39 | DB_CALL  |    308ms | rows=1
23:14:39 | REQUEST  |   1231ms | POST /admin/events/create -> 303
23:14:40 | DB_CALL  |    298ms | rows=2
23:14:40 | REQUEST  |    299ms | GET /admin/events -> 200
23:15:31 | DB_CALL  |    495ms | rows=1
23:15:31 | REQUEST  |    497ms | POST /admin/events/create -> 303
23:15:31 | DB_CALL  |    239ms | rows=3
23:15:31 | REQUEST  |    240ms | GET /admin/events -> 200
23:15:36 | DB_CALL  |    254ms | rows=0
23:15:36 | DB_CALL  |    264ms | rows=1
23:15:36 | REQUEST  |    268ms | GET /admin/dashboard -> 200
23:15:56 | REQUEST  |      8ms | GET / -> 200
23:15:57 | AUTH     |      1ms | sign_in_with_oauth
23:15:57 | REQUEST  |      4ms | GET /auth/github -> 307
23:16:00 | AUTH     |    484ms | exchange_code_for_session
23:16:01 | DB_CALL  |    520ms | rows=0
23:16:01 | DB_CALL  |    267ms | rows=1
23:16:01 | REQUEST  |   1282ms | GET /auth/callback -> 307
23:16:01 | DB_CALL  |    331ms | rows=1
23:16:01 | REQUEST  |    346ms | GET /user/complete-profile -> 200
23:16:13 | DB_CALL  |    591ms | rows=1
23:16:13 | REQUEST  |    593ms | POST /user/complete-profile -> 302
23:16:14 | DB_CALL  |    301ms | rows=1
23:16:14 | DB_CALL  |    310ms | rows=0
23:16:14 | DB_CALL  |    309ms | rows=0
23:16:14 | DB_CALL  |    312ms | rows=1
23:16:14 | REQUEST  |    625ms | GET /user/events -> 200
23:16:21 | DB_CALL  |    530ms | rows=1
23:16:21 | REQUEST  |    838ms | POST /user/events/f358219c-584f-45da-9680-46f7d7b7943e/register -> 302
23:16:21 | DB_CALL  |    233ms | rows=1
23:16:21 | DB_CALL  |    201ms | rows=1
23:16:21 | DB_CALL  |    211ms | rows=1
23:16:21 | DB_CALL  |    230ms | rows=1
23:16:22 | DB_CALL  |    207ms | rows=1
23:16:22 | REQUEST  |    671ms | GET /user/events -> 200
23:16:29 | REQUEST  |    839ms | GET /user/registrations/46c26270-3176-40e4-b21f-3567293b65f0/qr -> 200
23:17:03 | REQUEST  |      7ms | GET /admin/verify -> 200
23:17:27 | REQUEST  |    939ms | POST /api/verify -> 200
23:17:27 | DB_CALL  |    201ms | rows=1
23:17:40 | DB_CALL  |    528ms | rows=0
23:17:40 | DB_CALL  |    531ms | rows=2
23:17:40 | REQUEST  |    532ms | GET /admin/dashboard -> 200
23:17:48 | DB_CALL  |    473ms | rows=0
23:17:48 | DB_CALL  |    653ms | rows=2
23:17:48 | REQUEST  |    654ms | GET /admin/dashboard -> 200
23:21:06 | DB_CALL  |    665ms | rows=0
23:21:06 | DB_CALL  |    676ms | rows=2
23:21:06 | REQUEST  |    708ms | GET /admin/dashboard -> 200
23:21:08 | DB_CALL  |    254ms | rows=0
23:21:08 | DB_CALL  |    258ms | rows=2
23:21:08 | REQUEST  |    260ms | GET /admin/dashboard -> 200
23:21:14 | DB_CALL  |    486ms | rows=1
23:21:14 | REQUEST  |    567ms | GET /admin/export-attendance -> 200
23:22:09 | DB_CALL  |    617ms | rows=1
23:22:11 | DB_CALL  |    365ms | rows=1
23:22:11 | DB_CALL  |    369ms | rows=2
23:22:11 | REQUEST  |    384ms | GET /admin/dashboard -> 200
23:22:13 | DB_CALL  |    326ms | rows=1
23:22:13 | DB_CALL  |    329ms | rows=2
23:22:13 | REQUEST  |    331ms | GET /admin/dashboard -> 200
23:22:19 | DB_CALL  |    670ms | rows=1
23:22:19 | REQUEST  |    673ms | GET /admin/export-attendance -> 200
23:32:13 | DB_CALL  |   1159ms | rows=1
23:32:15 | DB_CALL  |    413ms | rows=2
23:32:15 | DB_CALL  |    413ms | rows=1
23:32:15 | REQUEST  |    430ms | GET /admin/dashboard -> 200
23:32:20 | DB_CALL  |    254ms | rows=3
23:32:20 | REQUEST  |    266ms | GET /admin/events -> 200
23:32:27 | DB_CALL  |    556ms | rows=1
23:32:28 | DB_CALL  |    307ms | rows=1
23:32:28 | REQUEST  |    980ms | GET /admin/export-attendance/f358219c-584f-45da-9680-46f7d7b7943e -> 200
23:32:34 | DB_CALL  |    448ms | rows=1
23:32:34 | DB_CALL  |    300ms | rows=1
23:32:34 | REQUEST  |    765ms | GET /admin/export-attendance/f358219c-584f-45da-9680-46f7d7b7943e -> 200
23:32:41 | DB_CALL  |    347ms | rows=1
23:32:41 | DB_CALL  |    202ms | rows=1
23:32:41 | REQUEST  |    577ms | GET /admin/export-attendance/f358219c-584f-45da-9680-46f7d7b7943e -> 200
23:32:50 | DB_CALL  |    504ms | rows=0
23:32:50 | REQUEST  |    711ms | GET /admin/export-attendance/0be77469-5ce5-423f-aa0a-6599aa50670a -> 200
23:33:04 | DB_CALL  |    584ms | rows=0
23:33:04 | REQUEST  |    589ms | GET /admin/export-attendance/c2df74ea-3e3c-40e0-b418-c6b5cd3d05cc -> 200
23:33:51 | DB_CALL  |    606ms | rows=1
23:33:51 | DB_CALL  |    306ms | rows=1
23:33:52 | REQUEST  |   1021ms | GET /admin/export-attendance/f358219c-584f-45da-9680-46f7d7b7943e -> 200
23:35:22 | DB_CALL  |    970ms | rows=3
23:35:22 | REQUEST  |    995ms | GET /admin/events -> 200
23:35:25 | DB_CALL  |    300ms | rows=3
23:35:25 | REQUEST  |    302ms | GET /admin/events -> 200
23:35:26 | DB_CALL  |    279ms | rows=1
23:35:27 | DB_CALL  |    212ms | rows=1
23:35:27 | REQUEST  |    498ms | GET /admin/export-attendance/f358219c-584f-45da-9680-46f7d7b7943e -> 200
23:37:09 | REQUEST  |      4ms | GET /auth/logout -> 307
23:37:09 | REQUEST  |      9ms | GET / -> 200
23:37:18 | DB_CALL  |    691ms | rows=2
23:37:18 | REQUEST  |    707ms | GET /admin/users -> 200
23:37:26 | DB_CALL  |    300ms | rows=1
23:37:26 | DB_CALL  |    312ms | rows=1
23:37:26 | REQUEST  |    994ms | POST /admin/users/920e5f6c-2ab0-4907-b203-2346a25d2dda/delete -> 303
23:37:27 | DB_CALL  |    270ms | rows=1
23:37:27 | REQUEST  |    272ms | GET /admin/users -> 200
23:38:51 | AUTH     |      1ms | sign_in_with_oauth
23:38:51 | REQUEST  |      8ms | GET /auth/github -> 307
23:38:54 | AUTH     |    381ms | exchange_code_for_session
23:38:55 | DB_CALL  |    349ms | rows=0
23:38:55 | DB_CALL  |    247ms | rows=1
23:38:55 | REQUEST  |    987ms | GET /auth/callback -> 307
23:38:55 | DB_CALL  |    211ms | rows=1
23:38:55 | REQUEST  |    229ms | GET /user/complete-profile -> 200
23:39:01 | DB_CALL  |    518ms | rows=1
23:39:01 | REQUEST  |    522ms | POST /user/complete-profile -> 302
23:39:02 | DB_CALL  |    296ms | rows=1
23:39:02 | DB_CALL  |    306ms | rows=0
23:39:02 | DB_CALL  |    306ms | rows=1
23:39:02 | DB_CALL  |    306ms | rows=0
23:39:02 | REQUEST  |    620ms | GET /user/events -> 200
23:39:04 | DB_CALL  |    302ms | rows=1
23:39:05 | REQUEST  |    687ms | POST /user/events/f358219c-584f-45da-9680-46f7d7b7943e/register -> 302
23:39:05 | DB_CALL  |    324ms | rows=1
23:39:05 | DB_CALL  |    208ms | rows=1
23:39:05 | DB_CALL  |    221ms | rows=1
23:39:05 | DB_CALL  |    222ms | rows=1
23:39:06 | DB_CALL  |    201ms | rows=1
23:39:06 | REQUEST  |    736ms | GET /user/events -> 200
23:39:11 | REQUEST  |    776ms | GET /user/registrations/30f5e57b-2541-4370-b94e-e3572aac44a2/qr -> 200
23:39:32 | REQUEST  |      8ms | GET /admin/verify -> 200
23:39:41 | REQUEST  |    805ms | POST /api/verify -> 200
23:39:42 | DB_CALL  |    196ms | rows=1
23:39:57 | DB_CALL  |    454ms | rows=3
23:39:57 | REQUEST  |    456ms | GET /admin/events -> 200
23:40:01 | DB_CALL  |    303ms | rows=1
23:40:02 | DB_CALL  |    305ms | rows=1
23:40:02 | REQUEST  |    622ms | GET /admin/export-attendance/f358219c-584f-45da-9680-46f7d7b7943e -> 200
23:40:17 | DB_CALL  |    628ms | rows=1
23:40:17 | DB_CALL  |    641ms | rows=2
23:40:18 | DB_CALL  |    195ms | rows=1
23:40:18 | REQUEST  |    844ms | GET /admin/dashboard -> 200
23:40:19 | DB_CALL  |    226ms | rows=1
23:40:19 | DB_CALL  |    226ms | rows=1
23:40:19 | REQUEST  |    232ms | GET /admin/export-attendance -> 200
23:47:18 | DB_CALL  |   1054ms | rows=1
23:48:21 | DB_CALL  |    700ms | rows=1
23:48:21 | DB_CALL  |    908ms | rows=1
23:48:21 | REQUEST  |    925ms | GET /admin/dashboard -> 200
23:48:33 | DB_CALL  |    543ms | rows=3
23:48:33 | REQUEST  |    560ms | GET /admin/events -> 200
23:48:40 | REQUEST  |      5ms | GET /admin/verify -> 200
23:48:43 | DB_CALL  |    502ms | rows=2
23:48:43 | REQUEST  |    515ms | GET /admin/users -> 200
